[debug] [2026-03-12T10:41:57.919Z] ----------------------------------------------------------------------
[debug] [2026-03-12T10:41:57.922Z] Command:       /usr/bin/node /home/sestarkman/.npm-global/bin/firebase deploy --only hosting --project starkcloud
[debug] [2026-03-12T10:41:57.923Z] CLI Version:   15.9.1
[debug] [2026-03-12T10:41:57.923Z] Platform:      linux
[debug] [2026-03-12T10:41:57.923Z] Node Version:  v22.22.0
[debug] [2026-03-12T10:41:57.924Z] Time:          Thu Mar 12 2026 10:41:57 GMT+0000 (Coordinated Universal Time)
[debug] [2026-03-12T10:41:57.924Z] ----------------------------------------------------------------------
[debug] 
[debug] [2026-03-12T10:41:57.931Z] >>> [apiv2][query] GET https://firebase-public.firebaseio.com/cli.json [none]
[debug] [2026-03-12T10:42:03.220Z] > command requires scopes: ["email","openid","https://www.googleapis.com/auth/cloudplatformprojects.readonly","https://www.googleapis.com/auth/firebase","https://www.googleapis.com/auth/cloud-platform"]
[debug] [2026-03-12T10:42:03.347Z] Running auto auth
[debug] [2026-03-12T10:42:03.401Z] [iam] checking project starkcloud for permissions ["firebase.projects.get","firebasehosting.sites.update"]
[debug] [2026-03-12T10:42:03.402Z] No OAuth tokens found
[debug] [2026-03-12T10:42:03.402Z] >>> [apiv2][query] POST https://cloudresourcemanager.googleapis.com/v1/projects/starkcloud:testIamPermissions [none]
[debug] [2026-03-12T10:42:03.402Z] >>> [apiv2][(partial)header] POST https://cloudresourcemanager.googleapis.com/v1/projects/starkcloud:testIamPermissions  x-goog-user-project=starkcloud
[debug] [2026-03-12T10:42:03.402Z] >>> [apiv2][body] POST https://cloudresourcemanager.googleapis.com/v1/projects/starkcloud:testIamPermissions {"permissions":["firebase.projects.get","firebasehosting.sites.update"]}
[debug] [2026-03-12T10:42:03.411Z] <<< [apiv2][status] GET https://firebase-public.firebaseio.com/cli.json 200
[debug] [2026-03-12T10:42:03.412Z] <<< [apiv2][body] GET https://firebase-public.firebaseio.com/cli.json {"cloudBuildErrorAfter":1594252800000,"cloudBuildWarnAfter":1590019200000,"defaultNode10After":1594252800000,"minVersion":"3.0.5","node8DeploysDisabledAfter":1613390400000,"node8RuntimeDisabledAfter":1615809600000,"node8WarnAfter":1600128000000}
[debug] [2026-03-12T10:42:03.517Z] <<< [apiv2][status] POST https://cloudresourcemanager.googleapis.com/v1/projects/starkcloud:testIamPermissions 403
[debug] [2026-03-12T10:42:03.517Z] <<< [apiv2][body] POST https://cloudresourcemanager.googleapis.com/v1/projects/starkcloud:testIamPermissions {"error":{"code":403,"message":"Caller does not have required permission to use project starkcloud. Grant the caller the roles/serviceusage.serviceUsageConsumer role, or a custom role with the serviceusage.services.use permission, by visiting https://console.developers.google.com/iam-admin/iam?project=starkcloud and then retry. Propagation of the new permission may take a few minutes.","status":"PERMISSION_DENIED","details":[{"@type":"type.googleapis.com/google.rpc.ErrorInfo","reason":"USER_PROJECT_DENIED","domain":"googleapis.com","metadata":{"consumer":"projects/starkcloud","containerInfo":"starkcloud","consoleUrl":"https://console.developers.google.com/iam-admin/iam?project=starkcloud","service":"cloudresourcemanager.googleapis.com"}},{"@type":"type.googleapis.com/google.rpc.LocalizedMessage","locale":"en-US","message":"Caller does not have required permission to use project starkcloud. Grant the caller the roles/serviceusage.serviceUsageConsumer role, or a custom role with the serviceusage.services.use permission, by visiting https://console.developers.google.com/iam-admin/iam?project=starkcloud and then retry. Propagation of the new permission may take a few minutes."},{"@type":"type.googleapis.com/google.rpc.Help","links":[{"description":"Google developer console IAM admin","url":"https://console.developers.google.com/iam-admin/iam?project=starkcloud"}]}]}}
[debug] [2026-03-12T10:42:03.518Z] [iam] error while checking permissions, command may fail: Request to https://cloudresourcemanager.googleapis.com/v1/projects/starkcloud:testIamPermissions had HTTP Error: 403, Caller does not have required permission to use project starkcloud. Grant the caller the roles/serviceusage.serviceUsageConsumer role, or a custom role with the serviceusage.services.use permission, by visiting https://console.developers.google.com/iam-admin/iam?project=starkcloud and then retry. Propagation of the new permission may take a few minutes.
[debug] [2026-03-12T10:42:03.519Z] No OAuth tokens found
[debug] [2026-03-12T10:42:03.520Z] >>> [apiv2][query] GET https://firebase.googleapis.com/v1beta1/projects/starkcloud [none]
[debug] [2026-03-12T10:42:03.663Z] <<< [apiv2][status] GET https://firebase.googleapis.com/v1beta1/projects/starkcloud 403
[debug] [2026-03-12T10:42:03.663Z] <<< [apiv2][body] GET https://firebase.googleapis.com/v1beta1/projects/starkcloud {"error":{"code":403,"message":"Firebase Management API has not been used in project 151061541502 before or it is disabled. Enable it by visiting https://console.developers.google.com/apis/api/firebase.googleapis.com/overview?project=151061541502 then retry. If you enabled this API recently, wait a few minutes for the action to propagate to our systems and retry.","status":"PERMISSION_DENIED","details":[{"@type":"type.googleapis.com/google.rpc.ErrorInfo","reason":"SERVICE_DISABLED","domain":"googleapis.com","metadata":{"serviceTitle":"Firebase Management API","containerInfo":"151061541502","activationUrl":"https://console.developers.google.com/apis/api/firebase.googleapis.com/overview?project=151061541502","consumer":"projects/151061541502","service":"firebase.googleapis.com"}},{"@type":"type.googleapis.com/google.rpc.Help","links":[{"description":"Google developers console API activation","url":"https://console.developers.google.com/apis/api/firebase.googleapis.com/overview?project=151061541502"}]},{"@type":"type.googleapis.com/google.rpc.LocalizedMessage","locale":"en-US","message":"Firebase Management API has not been used in project 151061541502 before or it is disabled. Enable it by visiting https://console.developers.google.com/apis/api/firebase.googleapis.com/overview?project=151061541502 then retry. If you enabled this API recently, wait a few minutes for the action to propagate to our systems and retry."}]}}
[debug] [2026-03-12T10:42:03.663Z] Request to https://firebase.googleapis.com/v1beta1/projects/starkcloud had HTTP Error: 403, Firebase Management API has not been used in project 151061541502 before or it is disabled. Enable it by visiting https://console.developers.google.com/apis/api/firebase.googleapis.com/overview?project=151061541502 then retry. If you enabled this API recently, wait a few minutes for the action to propagate to our systems and retry.
[debug] [2026-03-12T10:42:03.665Z] FirebaseError: Request to https://firebase.googleapis.com/v1beta1/projects/starkcloud had HTTP Error: 403, Firebase Management API has not been used in project 151061541502 before or it is disabled. Enable it by visiting https://console.developers.google.com/apis/api/firebase.googleapis.com/overview?project=151061541502 then retry. If you enabled this API recently, wait a few minutes for the action to propagate to our systems and retry.
    at responseToError (/home/sestarkman/.npm-global/lib/node_modules/firebase-tools/lib/responseToError.js:53:12)
    at RetryOperation._fn (/home/sestarkman/.npm-global/lib/node_modules/firebase-tools/lib/apiv2.js:333:77)
    at process.processTicksAndRejections (node:internal/process/task_queues:105:5)
[error] 
[error] Error: Failed to get Firebase project starkcloud. Please make sure the project exists and your account has permission to access it.
